This is pdfTeX, Version 3.14159265-2.6-1.40.15 (TeX Live 2014) (preloaded format=pdflatex 2015.4.21)  1 MAY 2015 16:00
entering extended mode
 restricted \write18 enabled.
 file:line:error style messages enabled.
 %&-line parsing enabled.
**report_root.tex
(./report_root.tex
LaTeX2e <2014/05/01>
Babel <3.9k> and hyphenation patterns for 78 languages loaded.
(./mythesis.cls
Document Class: mythesis 
(/usr/local/texlive/2014/texmf-dist/tex/latex/base/book.cls
Document Class: book 2007/10/19 v1.4h Standard LaTeX document class
(/usr/local/texlive/2014/texmf-dist/tex/latex/base/bk12.clo
File: bk12.clo 2007/10/19 v1.4h Standard LaTeX file (size option)
)
\c@part=\count79
\c@chapter=\count80
\c@section=\count81
\c@subsection=\count82
\c@subsubsection=\count83
\c@paragraph=\count84
\c@subparagraph=\count85
\c@figure=\count86
\c@table=\count87
\abovecaptionskip=\skip41
\belowcaptionskip=\skip42
\bibindent=\dimen102
)
(/usr/local/texlive/2014/texmf-dist/tex/latex/graphics/color.sty
Package: color 2014/04/23 v1.1a Standard LaTeX Color (DPC)

(/usr/local/texlive/2014/texmf-dist/tex/latex/latexconfig/color.cfg
File: color.cfg 2007/01/18 v1.5 color configuration of teTeX/TeXLive
)
Package color Info: Driver file: pdftex.def on input line 137.

(/usr/local/texlive/2014/texmf-dist/tex/latex/pdftex-def/pdftex.def
File: pdftex.def 2011/05/27 v0.06d Graphics/color for pdfTeX

(/usr/local/texlive/2014/texmf-dist/tex/generic/oberdiek/infwarerr.sty
Package: infwarerr 2010/04/08 v1.3 Providing info/warning/error messages (HO)
)
(/usr/local/texlive/2014/texmf-dist/tex/generic/oberdiek/ltxcmds.sty
Package: ltxcmds 2011/11/09 v1.22 LaTeX kernel commands for general use (HO)
)
\Gread@gobject=\count88
))
\c@definition=\count89
)
(/usr/local/texlive/2014/texmf-dist/tex/latex/nopageno/nopageno.sty
Package: nopageno 1989/01/01 no page numbers (DPC)
)
(/usr/local/texlive/2014/texmf-dist/tex/latex/base/latexsym.sty
Package: latexsym 1998/08/17 v2.2e Standard LaTeX package (lasy symbols)
\symlasy=\mathgroup4
LaTeX Font Info:    Overwriting symbol font `lasy' in version `bold'
(Font)                  U/lasy/m/n --> U/lasy/b/n on input line 47.
)
(/usr/local/texlive/2014/texmf-dist/tex/latex/graphics/graphicx.sty
Package: graphicx 2014/04/25 v1.0g Enhanced LaTeX Graphics (DPC,SPQR)

(/usr/local/texlive/2014/texmf-dist/tex/latex/graphics/keyval.sty
Package: keyval 2014/05/08 v1.15 key=value parser (DPC)
\KV@toks@=\toks14
)
(/usr/local/texlive/2014/texmf-dist/tex/latex/graphics/graphics.sty
Package: graphics 2009/02/05 v1.0o Standard LaTeX Graphics (DPC,SPQR)

(/usr/local/texlive/2014/texmf-dist/tex/latex/graphics/trig.sty
Package: trig 1999/03/16 v1.09 sin cos tan (DPC)
)
(/usr/local/texlive/2014/texmf-dist/tex/latex/latexconfig/graphics.cfg
File: graphics.cfg 2010/04/23 v1.9 graphics configuration of TeX Live
)
Package graphics Info: Driver file: pdftex.def on input line 91.
)
\Gin@req@height=\dimen103
\Gin@req@width=\dimen104
)
(/usr/local/texlive/2014/texmf-dist/tex/latex/xcolor/xcolor.sty
Package: xcolor 2007/01/21 v2.11 LaTeX color extensions (UK)

(/usr/local/texlive/2014/texmf-dist/tex/latex/latexconfig/color.cfg
File: color.cfg 2007/01/18 v1.5 color configuration of teTeX/TeXLive
)
Package xcolor Info: Driver file: pdftex.def on input line 225.
LaTeX Info: Redefining \color on input line 702.
Package xcolor Info: Model `cmy' substituted by `cmy0' on input line 1337.
Package xcolor Info: Model `hsb' substituted by `rgb' on input line 1341.
Package xcolor Info: Model `RGB' extended on input line 1353.
Package xcolor Info: Model `HTML' substituted by `rgb' on input line 1355.
Package xcolor Info: Model `Hsb' substituted by `hsb' on input line 1356.
Package xcolor Info: Model `tHsb' substituted by `hsb' on input line 1357.
Package xcolor Info: Model `HSB' substituted by `hsb' on input line 1358.
Package xcolor Info: Model `Gray' substituted by `gray' on input line 1359.
Package xcolor Info: Model `wave' substituted by `hsb' on input line 1360.
)
(/usr/local/texlive/2014/texmf-dist/tex/latex/fancyhdr/fancyhdr.sty
\fancy@headwidth=\skip43
\f@ncyO@elh=\skip44
\f@ncyO@erh=\skip45
\f@ncyO@olh=\skip46
\f@ncyO@orh=\skip47
\f@ncyO@elf=\skip48
\f@ncyO@erf=\skip49
\f@ncyO@olf=\skip50
\f@ncyO@orf=\skip51
)
(/usr/local/texlive/2014/texmf-dist/tex/latex/hyperref/hyperref.sty
Package: hyperref 2012/11/06 v6.83m Hypertext links for LaTeX

(/usr/local/texlive/2014/texmf-dist/tex/generic/oberdiek/hobsub-hyperref.sty
Package: hobsub-hyperref 2012/05/28 v1.13 Bundle oberdiek, subset hyperref (HO)


(/usr/local/texlive/2014/texmf-dist/tex/generic/oberdiek/hobsub-generic.sty
Package: hobsub-generic 2012/05/28 v1.13 Bundle oberdiek, subset generic (HO)
Package: hobsub 2012/05/28 v1.13 Construct package bundles (HO)
Package hobsub Info: Skipping package `infwarerr' (already loaded).
Package hobsub Info: Skipping package `ltxcmds' (already loaded).
Package: ifluatex 2010/03/01 v1.3 Provides the ifluatex switch (HO)
Package ifluatex Info: LuaTeX not detected.
Package: ifvtex 2010/03/01 v1.5 Detect VTeX and its facilities (HO)
Package ifvtex Info: VTeX not detected.
Package: intcalc 2007/09/27 v1.1 Expandable calculations with integers (HO)
Package: ifpdf 2011/01/30 v2.3 Provides the ifpdf switch (HO)
Package ifpdf Info: pdfTeX in PDF mode is detected.
Package: etexcmds 2011/02/16 v1.5 Avoid name clashes with e-TeX commands (HO)
Package etexcmds Info: Could not find \expanded.
(etexcmds)             That can mean that you are not using pdfTeX 1.50 or
(etexcmds)             that some package has redefined \expanded.
(etexcmds)             In the latter case, load this package earlier.
Package: kvsetkeys 2012/04/25 v1.16 Key value parser (HO)
Package: kvdefinekeys 2011/04/07 v1.3 Define keys (HO)
Package: pdftexcmds 2011/11/29 v0.20 Utility functions of pdfTeX for LuaTeX (HO
)
Package pdftexcmds Info: LuaTeX not detected.
Package pdftexcmds Info: \pdf@primitive is available.
Package pdftexcmds Info: \pdf@ifprimitive is available.
Package pdftexcmds Info: \pdfdraftmode found.
Package: pdfescape 2011/11/25 v1.13 Implements pdfTeX's escape features (HO)
Package: bigintcalc 2012/04/08 v1.3 Expandable calculations on big integers (HO
)
Package: bitset 2011/01/30 v1.1 Handle bit-vector datatype (HO)
Package: uniquecounter 2011/01/30 v1.2 Provide unlimited unique counter (HO)
)
Package hobsub Info: Skipping package `hobsub' (already loaded).
Package: letltxmacro 2010/09/02 v1.4 Let assignment for LaTeX macros (HO)
Package: hopatch 2012/05/28 v1.2 Wrapper for package hooks (HO)
Package: xcolor-patch 2011/01/30 xcolor patch
Package: atveryend 2011/06/30 v1.8 Hooks at the very end of document (HO)
Package atveryend Info: \enddocument detected (standard20110627).
Package: atbegshi 2011/10/05 v1.16 At begin shipout hook (HO)
Package: refcount 2011/10/16 v3.4 Data extraction from label references (HO)
Package: hycolor 2011/01/30 v1.7 Color options for hyperref/bookmark (HO)
)
(/usr/local/texlive/2014/texmf-dist/tex/generic/ifxetex/ifxetex.sty
Package: ifxetex 2010/09/12 v0.6 Provides ifxetex conditional
)
(/usr/local/texlive/2014/texmf-dist/tex/latex/oberdiek/auxhook.sty
Package: auxhook 2011/03/04 v1.3 Hooks for auxiliary files (HO)
)
(/usr/local/texlive/2014/texmf-dist/tex/latex/oberdiek/kvoptions.sty
Package: kvoptions 2011/06/30 v3.11 Key value format for package options (HO)
)
\@linkdim=\dimen105
\Hy@linkcounter=\count90
\Hy@pagecounter=\count91

(/usr/local/texlive/2014/texmf-dist/tex/latex/hyperref/pd1enc.def
File: pd1enc.def 2012/11/06 v6.83m Hyperref: PDFDocEncoding definition (HO)
)
\Hy@SavedSpaceFactor=\count92

(/usr/local/texlive/2014/texmf-dist/tex/latex/latexconfig/hyperref.cfg
File: hyperref.cfg 2002/06/06 v1.2 hyperref configuration of TeXLive
)
Package hyperref Info: Hyper figures OFF on input line 4443.
Package hyperref Info: Link nesting OFF on input line 4448.
Package hyperref Info: Hyper index ON on input line 4451.
Package hyperref Info: Plain pages OFF on input line 4458.
Package hyperref Info: Backreferencing OFF on input line 4463.
Package hyperref Info: Implicit mode ON; LaTeX internals redefined.
Package hyperref Info: Bookmarks ON on input line 4688.
\c@Hy@tempcnt=\count93

(/usr/local/texlive/2014/texmf-dist/tex/latex/url/url.sty
\Urlmuskip=\muskip10
Package: url 2013/09/16  ver 3.4  Verb mode for urls, etc.
)
LaTeX Info: Redefining \url on input line 5041.
\XeTeXLinkMargin=\dimen106
\Fld@menulength=\count94
\Field@Width=\dimen107
\Fld@charsize=\dimen108
Package hyperref Info: Hyper figures OFF on input line 6295.
Package hyperref Info: Link nesting OFF on input line 6300.
Package hyperref Info: Hyper index ON on input line 6303.
Package hyperref Info: backreferencing OFF on input line 6310.
Package hyperref Info: Link coloring OFF on input line 6315.
Package hyperref Info: Link coloring with OCG OFF on input line 6320.
Package hyperref Info: PDF/A mode OFF on input line 6325.
LaTeX Info: Redefining \ref on input line 6365.
LaTeX Info: Redefining \pageref on input line 6369.
\Hy@abspage=\count95
\c@Item=\count96
\c@Hfootnote=\count97
)

Package hyperref Message: Driver (autodetected): hpdftex.

(/usr/local/texlive/2014/texmf-dist/tex/latex/hyperref/hpdftex.def
File: hpdftex.def 2012/11/06 v6.83m Hyperref driver for pdfTeX
\Fld@listcount=\count98
\c@bookmark@seq@number=\count99

(/usr/local/texlive/2014/texmf-dist/tex/latex/oberdiek/rerunfilecheck.sty
Package: rerunfilecheck 2011/04/15 v1.7 Rerun checks for auxiliary files (HO)
Package uniquecounter Info: New unique counter `rerunfilecheck' on input line 2
82.
)
\Hy@SectionHShift=\skip52
)
(/usr/local/texlive/2014/texmf-dist/tex/latex/tools/xspace.sty
Package: xspace 2009/10/20 v1.13 Space after command names (DPC,MH)
)
(/usr/local/texlive/2014/texmf-dist/tex/latex/todo/todo.sty
Package: todo 2010/03/31 v2.4142 To-do list (Federico Garcia)

(/usr/local/texlive/2014/texmf-dist/tex/latex/amsfonts/amssymb.sty
Package: amssymb 2013/01/14 v3.01 AMS font symbols

(/usr/local/texlive/2014/texmf-dist/tex/latex/amsfonts/amsfonts.sty
Package: amsfonts 2013/01/14 v3.01 Basic AMSFonts support
\@emptytoks=\toks15
\symAMSa=\mathgroup5
\symAMSb=\mathgroup6
LaTeX Font Info:    Overwriting math alphabet `\mathfrak' in version `bold'
(Font)                  U/euf/m/n --> U/euf/b/n on input line 106.
))
\@todotoks=\toks16
\c@todo=\count100
)
(/usr/local/texlive/2014/texmf-dist/tex/latex/supertabular/supertabular.sty
Package: supertabular 2004/02/20 v4.1e the supertabular environment
\c@tracingst=\count101
\ST@wd=\dimen109
\ST@rightskip=\skip53
\ST@leftskip=\skip54
\ST@parfillskip=\skip55
\ST@pageleft=\dimen110
\ST@headht=\dimen111
\ST@tailht=\dimen112
\ST@pagesofar=\dimen113
\ST@pboxht=\dimen114
\ST@lineht=\dimen115
\ST@stretchht=\dimen116
\ST@prevht=\dimen117
\ST@toadd=\dimen118
\ST@dimen=\dimen119
\ST@pbox=\box26
)
(/usr/local/texlive/2014/texmf-dist/tex/latex/amsmath/amsmath.sty
Package: amsmath 2013/01/14 v2.14 AMS math features
\@mathmargin=\skip56

For additional information on amsmath, use the `?' option.
(/usr/local/texlive/2014/texmf-dist/tex/latex/amsmath/amstext.sty
Package: amstext 2000/06/29 v2.01

(/usr/local/texlive/2014/texmf-dist/tex/latex/amsmath/amsgen.sty
File: amsgen.sty 1999/11/30 v2.0
\@emptytoks=\toks17
\ex@=\dimen120
))
(/usr/local/texlive/2014/texmf-dist/tex/latex/amsmath/amsbsy.sty
Package: amsbsy 1999/11/29 v1.2d
\pmbraise@=\dimen121
)
(/usr/local/texlive/2014/texmf-dist/tex/latex/amsmath/amsopn.sty
Package: amsopn 1999/12/14 v2.01 operator names
)
\inf@bad=\count102
LaTeX Info: Redefining \frac on input line 210.
\uproot@=\count103
\leftroot@=\count104
LaTeX Info: Redefining \overline on input line 306.
\classnum@=\count105
\DOTSCASE@=\count106
LaTeX Info: Redefining \ldots on input line 378.
LaTeX Info: Redefining \dots on input line 381.
LaTeX Info: Redefining \cdots on input line 466.
\Mathstrutbox@=\box27
\strutbox@=\box28
\big@size=\dimen122
LaTeX Font Info:    Redeclaring font encoding OML on input line 566.
LaTeX Font Info:    Redeclaring font encoding OMS on input line 567.
\macc@depth=\count107
\c@MaxMatrixCols=\count108
\dotsspace@=\muskip11
\c@parentequation=\count109
\dspbrk@lvl=\count110
\tag@help=\toks18
\row@=\count111
\column@=\count112
\maxfields@=\count113
\andhelp@=\toks19
\eqnshift@=\dimen123
\alignsep@=\dimen124
\tagshift@=\dimen125
\tagwidth@=\dimen126
\totwidth@=\dimen127
\lineht@=\dimen128
\@envbody=\toks20
\multlinegap=\skip57
\multlinetaggap=\skip58
\mathdisplay@stack=\toks21
LaTeX Info: Redefining \[ on input line 2665.
LaTeX Info: Redefining \] on input line 2666.
)
(/usr/local/texlive/2014/texmf-dist/tex/latex/tools/bm.sty
Package: bm 2004/02/26 v1.1c Bold Symbol Support (DPC/FMi)
\symboldoperators=\mathgroup7
\symboldletters=\mathgroup8
\symboldsymbols=\mathgroup9
\symboldlasy=\mathgroup10
LaTeX Font Info:    Redeclaring math alphabet \mathbf on input line 137.
LaTeX Info: Redefining \bm on input line 203.
)
(/usr/local/texlive/2014/texmf-dist/tex/latex/base/makeidx.sty
Package: makeidx 2000/03/29 v1.0m Standard LaTeX package
)
(/usr/local/texlive/2014/texmf-dist/tex/latex/semantic/semantic.sty
Package: semantic 2003/10/28 v2.0(epsilon) 

Semantic Package v2.0(epsilon) [2003/10/28]
CVSId: $Id: semantic.dtx,v 1.11 2003/10/28 13:45:57 turtle Exp $
\c@@@conflict=\count114
Loading features: 
(/usr/local/texlive/2014/texmf-dist/tex/latex/semantic/ligature.sty
\@pushedtoks=\toks22
\@seentoks=\toks23
)
 math mode ligatures,
(/usr/local/texlive/2014/texmf-dist/tex/latex/semantic/infernce.sty
\@@tempa=\toks24
\@@tempb=\toks25
\@@pSpace=\skip59
\@@pEnd=\skip60
\@@nSpace=\skip61
\@@aLineBox=\box29
)
 inference rules,
(/usr/local/texlive/2014/texmf-dist/tex/latex/semantic/tdiagram.sty
\@@xShift=\count115
\@@yShift=\count116
\@@symbol=\toks26
\@@tempSymbol=\toks27
)
 T diagrams,
(/usr/local/texlive/2014/texmf-dist/tex/latex/semantic/reserved.sty
\@@spacing=\toks28
\@@formating=\toks29
)
 reserved words,
(/usr/local/texlive/2014/texmf-dist/tex/latex/semantic/shrthand.sty)
 short hands,
and general definitions.

\@@maxwidth=\dimen129
\@@pLineBox=\box30
\@@cBox=\box31
\@@pBox=\box32
) (/usr/local/texlive/2014/texmf-dist/tex/latex/tools/tabularx.sty
Package: tabularx 2014/05/13 v2.10 `tabularx' package (DPC)

(/usr/local/texlive/2014/texmf-dist/tex/latex/tools/array.sty
Package: array 2008/09/09 v2.4c Tabular extension package (FMi)
\col@sep=\dimen130
\extrarowheight=\dimen131
\NC@list=\toks30
\extratabsurround=\skip62
\backup@length=\skip63
)
\TX@col@width=\dimen132
\TX@old@table=\dimen133
\TX@old@col=\dimen134
\TX@target=\dimen135
\TX@delta=\dimen136
\TX@cols=\count117
\TX@ftn=\toks31
)
(/usr/local/texlive/2014/texmf-dist/tex/latex/listings/listings.sty
\lst@mode=\count118
\lst@gtempboxa=\box33
\lst@token=\toks32
\lst@length=\count119
\lst@currlwidth=\dimen137
\lst@column=\count120
\lst@pos=\count121
\lst@lostspace=\dimen138
\lst@width=\dimen139
\lst@newlines=\count122
\lst@lineno=\count123
\lst@maxwidth=\dimen140

(/usr/local/texlive/2014/texmf-dist/tex/latex/listings/lstmisc.sty
File: lstmisc.sty 2014/03/04 1.5c (Carsten Heinz)
\c@lstnumber=\count124
\lst@skipnumbers=\count125
\lst@framebox=\box34
)
(/usr/local/texlive/2014/texmf-dist/tex/latex/listings/listings.cfg
File: listings.cfg 2014/03/04 1.5c listings configuration
))
Package: listings 2014/03/04 1.5c (Carsten Heinz)

(/usr/local/texlive/2014/texmf-dist/tex/latex/amscls/amsthm.sty
Package: amsthm 2004/08/06 v2.20
\thm@style=\toks33
\thm@bodyfont=\toks34
\thm@headfont=\toks35
\thm@notefont=\toks36
\thm@headpunct=\toks37
\thm@preskip=\skip64
\thm@postskip=\skip65
\thm@headsep=\skip66
\dth@everypar=\toks38
)
(/usr/local/texlive/2014/texmf-dist/tex/latex/enumitem/enumitem.sty
Package: enumitem 2011/09/28 v3.5.2 Customized lists
\labelindent=\skip67
\enit@outerparindent=\dimen141
\enit@toks=\toks39
\enit@inbox=\box35
\enitdp@description=\count126
)
(/usr/local/texlive/2014/texmf-dist/tex/latex/pdfpages/pdfpages.sty
Package: pdfpages 2013/08/25 v0.4v Insert pages of external PDF documents (AM)

(/usr/local/texlive/2014/texmf-dist/tex/latex/base/ifthen.sty
Package: ifthen 2001/05/26 v1.1c Standard LaTeX ifthen package (DPC)
)
(/usr/local/texlive/2014/texmf-dist/tex/latex/tools/calc.sty
Package: calc 2007/08/22 v4.3 Infix arithmetic (KKT,FJ)
\calc@Acount=\count127
\calc@Bcount=\count128
\calc@Adimen=\dimen142
\calc@Bdimen=\dimen143
\calc@Askip=\skip68
\calc@Bskip=\skip69
LaTeX Info: Redefining \setlength on input line 75.
LaTeX Info: Redefining \addtolength on input line 76.
\calc@Ccount=\count129
\calc@Cskip=\skip70
)
(/usr/local/texlive/2014/texmf-dist/tex/latex/eso-pic/eso-pic.sty
Package: eso-pic 2013/10/06 v2.0d eso-pic (RN)
)
(/usr/local/texlive/2014/texmf-dist/tex/latex/pdfpages/pppdftex.def
File: pppdftex.def 2013/08/25 v0.4v Pdfpages driver for pdfTeX (AM)
)
\AM@pagebox=\box36
\AM@toc@title=\toks40
\c@AM@survey=\count130
\AM@templatesizebox=\box37
)
(/usr/local/texlive/2014/texmf-dist/tex/latex/framed/framed.sty
Package: framed 2011/10/22 v 0.96: framed or shaded text with page breaks
\OuterFrameSep=\skip71
\fb@frw=\dimen144
\fb@frh=\dimen145
\FrameRule=\dimen146
\FrameSep=\dimen147
)
(/usr/local/texlive/2014/texmf-dist/tex/latex/adjustbox/adjustbox.sty
Package: adjustbox 2012/05/21 v1.0 Adjusting TeX boxes (trim, clip, ...)

(/usr/local/texlive/2014/texmf-dist/tex/latex/xkeyval/xkeyval.sty
Package: xkeyval 2014/05/09 v2.6d package option processing (HA)

(/usr/local/texlive/2014/texmf-dist/tex/generic/xkeyval/xkeyval.tex
\XKV@toks=\toks41
\XKV@tempa@toks=\toks42
\XKV@depth=\count131
File: xkeyval.tex 2014/05/09 v2.6d key=value parser (HA)
))
(/usr/local/texlive/2014/texmf-dist/tex/latex/adjustbox/adjcalc.sty
Package: adjcalc 2012/05/16 v1.1 Provides advanced setlength with multiple back
-ends (calc, etex, pgfmath)
)
(/usr/local/texlive/2014/texmf-dist/tex/latex/adjustbox/trimclip.sty
Package: trimclip 2012/05/16 v1.0 Trim and clip general TeX material

(/usr/local/texlive/2014/texmf-dist/tex/latex/collectbox/collectbox.sty
Package: collectbox 2012/05/17 v0.4b Collect macro arguments as boxes
\collectedbox=\box38
)
\tc@llx=\dimen148
\tc@lly=\dimen149
\tc@urx=\dimen150
\tc@ury=\dimen151
Package trimclip Info: Using driver 'tc-pdftex.def'.

(/usr/local/texlive/2014/texmf-dist/tex/latex/adjustbox/tc-pdftex.def
File: tc-pdftex.def 2012/05/13 v1.0 Clipping driver for pdftex
))
\adjbox@Width=\dimen152
\adjbox@Height=\dimen153
\adjbox@Depth=\dimen154
\adjbox@Totalheight=\dimen155

(/usr/local/texlive/2014/texmf-dist/tex/latex/ifoddpage/ifoddpage.sty
Package: ifoddpage 2011/09/13 v1.0 Conditionals for odd/even page detection
\c@checkoddpage=\count132
)
(/usr/local/texlive/2014/texmf-dist/tex/latex/varwidth/varwidth.sty
Package: varwidth 2009/03/30 ver 0.92;  Variable-width minipages
\@vwid@box=\box39
\sift@deathcycles=\count133
\@vwid@loff=\dimen156
\@vwid@roff=\dimen157
))
\symitalic=\mathgroup11
LaTeX Font Info:    Redeclaring math alphabet \mathit on input line 109.

(./definitions.tex) (./report_root.aux)
\openout1 = `report_root.aux'.

LaTeX Font Info:    Checking defaults for OML/cmm/m/it on input line 153.
LaTeX Font Info:    ... okay on input line 153.
LaTeX Font Info:    Checking defaults for T1/cmr/m/n on input line 153.
LaTeX Font Info:    ... okay on input line 153.
LaTeX Font Info:    Checking defaults for OT1/cmr/m/n on input line 153.
LaTeX Font Info:    ... okay on input line 153.
LaTeX Font Info:    Checking defaults for OMS/cmsy/m/n on input line 153.
LaTeX Font Info:    ... okay on input line 153.
LaTeX Font Info:    Checking defaults for OMX/cmex/m/n on input line 153.
LaTeX Font Info:    ... okay on input line 153.
LaTeX Font Info:    Checking defaults for U/cmr/m/n on input line 153.
LaTeX Font Info:    ... okay on input line 153.
LaTeX Font Info:    Checking defaults for PD1/pdf/m/n on input line 153.
LaTeX Font Info:    ... okay on input line 153.

(/usr/local/texlive/2014/texmf-dist/tex/context/base/supp-pdf.mkii
[Loading MPS to PDF converter (version 2006.09.02).]
\scratchcounter=\count134
\scratchdimen=\dimen158
\scratchbox=\box40
\nofMPsegments=\count135
\nofMParguments=\count136
\everyMPshowfont=\toks43
\MPscratchCnt=\count137
\MPscratchDim=\dimen159
\MPnumerator=\count138
\makeMPintoPDFobject=\count139
\everyMPtoPDFconversion=\toks44
) (/usr/local/texlive/2014/texmf-dist/tex/latex/oberdiek/epstopdf-base.sty
Package: epstopdf-base 2010/02/09 v2.5 Base part for package epstopdf

(/usr/local/texlive/2014/texmf-dist/tex/latex/oberdiek/grfext.sty
Package: grfext 2010/08/19 v1.1 Manage graphics extensions (HO)
)
Package grfext Info: Graphics extension search list:
(grfext)             [.png,.pdf,.jpg,.mps,.jpeg,.jbig2,.jb2,.PNG,.PDF,.JPG,.JPE
G,.JBIG2,.JB2,.eps]
(grfext)             \AppendGraphicsExtensions on input line 452.

(/usr/local/texlive/2014/texmf-dist/tex/latex/latexconfig/epstopdf-sys.cfg
File: epstopdf-sys.cfg 2010/07/13 v1.3 Configuration of (r)epstopdf for TeX Liv
e
))
\AtBeginShipoutBox=\box41
Package hyperref Info: Link coloring OFF on input line 153.

(/usr/local/texlive/2014/texmf-dist/tex/latex/hyperref/nameref.sty
Package: nameref 2012/10/27 v2.43 Cross-referencing by name of section

(/usr/local/texlive/2014/texmf-dist/tex/generic/oberdiek/gettitlestring.sty
Package: gettitlestring 2010/12/03 v1.4 Cleanup title references (HO)
)
\c@section@level=\count140
)
LaTeX Info: Redefining \ref on input line 153.
LaTeX Info: Redefining \pageref on input line 153.
LaTeX Info: Redefining \nameref on input line 153.

(./report_root.out) (./report_root.out)
\@outlinefile=\write3
\openout3 = `report_root.out'.

\c@lstlisting=\count141

<titlepage.pdf, id=213, 597.51233pt x 845.0471pt>
File: titlepage.pdf Graphic file (type pdf)
 <use titlepage.pdf>
Package pdftex.def Info: titlepage.pdf used on input line 156.
(pdftex.def)             Requested size: 597.51086pt x 845.04504pt.
File: titlepage.pdf Graphic file (type pdf)

<use titlepage.pdf>
Package pdftex.def Info: titlepage.pdf used on input line 156.
(pdftex.def)             Requested size: 597.51086pt x 845.04504pt.
 <titlepage.pdf, id=216, page=1, 597.51233pt x 845.0471pt>
File: titlepage.pdf Graphic file (type pdf)

<use titlepage.pdf, page 1>
Package pdftex.def Info: titlepage.pdf, page1 used on input line 156.
(pdftex.def)             Requested size: 597.51086pt x 845.04504pt.
File: titlepage.pdf Graphic file (type pdf)
 <use titlepage.pdf, page 1>
Package pdftex.def Info: titlepage.pdf, page1 used on input line 156.
(pdftex.def)             Requested size: 597.53821pt x 845.08372pt.
File: titlepage.pdf Graphic file (type pdf)

<use titlepage.pdf, page 1>
Package pdftex.def Info: titlepage.pdf, page1 used on input line 156.
(pdftex.def)             Requested size: 597.53821pt x 845.08372pt.
File: titlepage.pdf Graphic file (type pdf)
 <use titlepage.pdf, page 1>
Package pdftex.def Info: titlepage.pdf, page1 used on input line 156.
(pdftex.def)             Requested size: 597.53821pt x 845.08372pt.
File: titlepage.pdf Graphic file (type pdf)

<use titlepage.pdf, page 1>
Package pdftex.def Info: titlepage.pdf, page1 used on input line 156.
(pdftex.def)             Requested size: 597.53821pt x 845.08372pt.
 [1

 <./titlepage.pdf>] (./abstract.tex
Underfull \hbox (badness 10000) in paragraph at lines 11--12

 []


Underfull \hbox (badness 10000) in paragraph at lines 13--14

 []

) (./acknowledgements.tex [2

{/usr/local/texlive/2014/texmf-var/fonts/map/pdftex/updmap/pdftex.map}]
Underfull \hbox (badness 10000) in paragraph at lines 11--12

 []

) [3

] (./report_root.toc
LaTeX Font Info:    Try loading font information for U+lasy on input line 2.

(/usr/local/texlive/2014/texmf-dist/tex/latex/base/ulasy.fd
File: ulasy.fd 1998/08/17 v2.2e LaTeX symbol font definitions
)
LaTeX Font Info:    Try loading font information for U+msa on input line 2.

(/usr/local/texlive/2014/texmf-dist/tex/latex/amsfonts/umsa.fd
File: umsa.fd 2013/01/14 v3.01 AMS symbols A
)
LaTeX Font Info:    Try loading font information for U+msb on input line 2.

(/usr/local/texlive/2014/texmf-dist/tex/latex/amsfonts/umsb.fd
File: umsb.fd 2013/01/14 v3.01 AMS symbols B
)
LaTeX Font Info:    Font shape `U/lasy/b/n' in size <8> not available
(Font)              Font shape `U/lasy/m/n' tried instead on input line 2.
LaTeX Font Info:    Font shape `U/lasy/b/n' in size <6> not available
(Font)              Font shape `U/lasy/m/n' tried instead on input line 2.
 [4

])
\tf@toc=\write4
\openout4 = `report_root.toc'.


(./introduction.texpdfTeX warning (ext4): destination with the same identifier 
(name{page.1}) has been already used, duplicate ignored
<to be read again> 
                   \relax 
l.9 \chapter
            {Introduction}\label{introduction} [1]
Chapter 1.

Underfull \hbox (badness 10000) in paragraph at lines 14--15

 []


Underfull \hbox (badness 10000) in paragraph at lines 18--19

 []


Underfull \hbox (badness 10000) in paragraph at lines 22--23

 []


Underfull \hbox (badness 10000) in paragraph at lines 31--32

 []

pdfTeX warning (ext4): destination with the same identifier (name{page.2}) has 
been already used, duplicate ignored
<to be read again> 
                   \relax 
l.32 
      [2

]
Underfull \hbox (badness 10000) in paragraph at lines 33--34

 []


Underfull \hbox (badness 10000) in paragraph at lines 46--47

 []


Underfull \hbox (badness 10000) in paragraph at lines 58--59

 []

pdfTeX warning (ext4): destination with the same identifier (name{page.3}) has 
been already used, duplicate ignored
<to be read again> 
                   \relax 
l.59 
      [3]
Underfull \hbox (badness 10000) in paragraph at lines 60--61

 []


Underfull \hbox (badness 10000) in paragraph at lines 62--63

 []


Underfull \hbox (badness 10000) in paragraph at lines 64--65

 []


Underfull \hbox (badness 10000) in paragraph at lines 66--67

 []


Underfull \hbox (badness 10000) in paragraph at lines 68--69

 []

pdfTeX warning (ext4): destination with the same identifier (name{page.4}) has 
been already used, duplicate ignored
<to be read again> 
                   \relax 
l.71 
      [4]
Underfull \hbox (badness 10000) in paragraph at lines 83--84

 []

LaTeX Font Info:    Try loading font information for OMS+cmr on input line 90.
(/usr/local/texlive/2014/texmf-dist/tex/latex/base/omscmr.fd
File: omscmr.fd 1999/05/25 v2.5h Standard LaTeX font definitions
)
LaTeX Font Info:    Font shape `OMS/cmr/m/n' in size <12> not available
(Font)              Font shape `OMS/cmsy/m/n' tried instead on input line 90.
 [5]
Underfull \hbox (badness 10000) in paragraph at lines 122--123

 []


Underfull \hbox (badness 10000) in paragraph at lines 124--125

 []


Underfull \hbox (badness 10000) in paragraph at lines 126--127

 []


Overfull \hbox (2.5112pt too wide) in paragraph at lines 128--129
\OT1/cmr/m/n/12 which arise due to on-go-ing changes in one ar-ti-fact af-fect-
ing con-cur-rent changes
 []


Underfull \hbox (badness 10000) in paragraph at lines 128--129

 []


Underfull \hbox (badness 10000) in paragraph at lines 130--131

 []


Underfull \hbox (badness 10000) in paragraph at lines 132--133

 []

) (./design.tex [6]
Chapter 2.
[7

]
Underfull \hbox (badness 10000) in paragraph at lines 47--48

 []

[8]
Underfull \hbox (badness 10000) in paragraph at lines 49--50

 []


Underfull \hbox (badness 10000) in paragraph at lines 51--52

 []


Underfull \hbox (badness 10000) in paragraph at lines 53--54

 []

<overallsetup2.png, id=420, 12662.30624pt x 4932.4275pt>
File: overallsetup2.png Graphic file (type png)

<use overallsetup2.png>
Package pdftex.def Info: overallsetup2.png used on input line 57.
(pdftex.def)             Requested size: 390.0pt x 151.8801pt.


LaTeX Warning: `!h' float specifier changed to `!ht'.


Underfull \hbox (badness 10000) in paragraph at lines 71--72

 []

[9]
Underfull \hbox (badness 10000) in paragraph at lines 86--87

 []


Underfull \hbox (badness 10000) in paragraph at lines 88--89

 []


Underfull \hbox (badness 10000) in paragraph at lines 90--91

 []

[10 <./overallsetup2.png>]
<commitgraph1.png, id=438, 7141.68124pt x 2601.72pt>
File: commitgraph1.png Graphic file (type png)
 <use commitgraph1.png>
Package pdftex.def Info: commitgraph1.png used on input line 97.
(pdftex.def)             Requested size: 390.0pt x 142.04301pt.

<commitgraph2.png, id=439, 7141.68124pt x 2278.5125pt>
File: commitgraph2.png Graphic file (type png)
 <use commitgraph2.png>
Package pdftex.def Info: commitgraph2.png used on input line 105.
(pdftex.def)             Requested size: 390.0pt x 124.39723pt.

[11 <./commitgraph1.png> <./commitgraph2.png>]
Underfull \hbox (badness 10000) in paragraph at lines 123--124

 []


Underfull \hbox (badness 10000) in paragraph at lines 125--126

 []


Underfull \hbox (badness 10000) in paragraph at lines 127--128

 []


Underfull \hbox (badness 10000) in paragraph at lines 138--139

 []

[12]
Underfull \hbox (badness 10000) in paragraph at lines 145--146

 []


Underfull \hbox (badness 10000) in paragraph at lines 155--156

 []

[13]
Underfull \hbox (badness 10000) in paragraph at lines 161--162

 []


Underfull \hbox (badness 10000) in paragraph at lines 163--164

 []


Underfull \hbox (badness 10000) in paragraph at lines 165--166

 []

[14]
Underfull \hbox (badness 10000) in paragraph at lines 171--172

 []


Underfull \hbox (badness 10000) in paragraph at lines 194--195

 []


Underfull \hbox (badness 10000) in paragraph at lines 196--197

 []


Underfull \hbox (badness 10000) in paragraph at lines 198--199

 []

[15]) (./implementation.tex [16]
Chapter 3.

Underfull \hbox (badness 10000) in paragraph at lines 16--17

 []


Underfull \hbox (badness 10000) in paragraph at lines 18--19

 []


Underfull \hbox (badness 10000) in paragraph at lines 20--21

 []


Underfull \hbox (badness 10000) in paragraph at lines 32--33

 []

<entities.png, id=472, 9108.0275pt x 5018.75pt>
File: entities.png Graphic file (type png)
 <use entities.png>
Package pdftex.def Info: entities.png used on input line 36.
(pdftex.def)             Requested size: 390.0pt x 214.88309pt.


LaTeX Warning: `!h' float specifier changed to `!ht'.


Underfull \hbox (badness 10000) in paragraph at lines 42--43

 []

[17

]
Underfull \hbox (badness 10000) in paragraph at lines 44--45

 []


Underfull \hbox (badness 10000) in paragraph at lines 46--47

 []


Underfull \hbox (badness 10000) in paragraph at lines 48--49

 []


Underfull \hbox (badness 10000) in paragraph at lines 50--51

 []

[18 <./entities.png>]
Underfull \hbox (badness 10000) in paragraph at lines 52--53

 []


Underfull \hbox (badness 10000) in paragraph at lines 54--55

 []


Underfull \hbox (badness 10000) in paragraph at lines 60--61

 []


Underfull \hbox (badness 10000) in paragraph at lines 62--63

 []

[19]
Underfull \hbox (badness 10000) in paragraph at lines 75--76

 []


Underfull \hbox (badness 10000) in paragraph at lines 91--92

 []

[20]
Underfull \hbox (badness 10000) in paragraph at lines 93--94

 []


Underfull \hbox (badness 10000) in paragraph at lines 118--119

 []


Underfull \hbox (badness 10000) in paragraph at lines 120--121

 []

<gui.png, id=497, 700.6175pt x 519.9425pt>
File: gui.png Graphic file (type png)
 <use gui.png>
Package pdftex.def Info: gui.png used on input line 124.
(pdftex.def)             Requested size: 312.00119pt x 231.54427pt.
 [21]
Underfull \hbox (badness 10000) in paragraph at lines 138--139

 []


Underfull \hbox (badness 10000) in paragraph at lines 140--141

 []


Underfull \hbox (badness 10000) in paragraph at lines 142--143

 []

[22 <./gui.png>]
Underfull \hbox (badness 10000) in paragraph at lines 144--145

 []


Underfull \hbox (badness 10000) in paragraph at lines 180--181

 []


Underfull \hbox (badness 10000) in paragraph at lines 182--183

 []

[23]
Underfull \hbox (badness 10000) in paragraph at lines 190--191

 []

<databasegraph.png, id=522, 9390.08125pt x 7026.25pt>
File: databasegraph.png Graphic file (type png)
 <use databasegraph.png>
Package pdftex.def Info: databasegraph.png used on input line 203.
(pdftex.def)             Requested size: 312.00119pt x 233.4001pt.


LaTeX Warning: `!h' float specifier changed to `!ht'.


Underfull \hbox (badness 10000) in paragraph at lines 236--237

 []

[24]

LaTeX Warning: `!h' float specifier changed to `!ht'.


Underfull \hbox (badness 10000) in paragraph at lines 260--261

 []

[25 <./databasegraph.png (PNG copy)>]
Underfull \hbox (badness 10000) in paragraph at lines 335--336

 []

[26]
Underfull \hbox (badness 10000) in paragraph at lines 337--338

 []

<coverage.png, id=587, 1002.74625pt x 663.47874pt>
File: coverage.png Graphic file (type png)
 <use coverage.png>
Package pdftex.def Info: coverage.png used on input line 344.
(pdftex.def)             Requested size: 350.99762pt x 232.24127pt.


LaTeX Warning: `!h' float specifier changed to `!ht'.

[27]) (./userguide.tex [28 <./coverage.png (PNG copy)>]
Chapter 4.
[29

] <login.png, id=610, 1272.755pt x 565.11125pt>
File: login.png Graphic file (type png)
 <use login.png>
Package pdftex.def Info: login.png used on input line 55.
(pdftex.def)             Requested size: 350.99762pt x 155.84152pt.

Underfull \hbox (badness 10000) in paragraph at lines 64--65

 []


Underfull \hbox (badness 10000) in paragraph at lines 66--67

 []

<overview.png, id=611, 1272.755pt x 561.09625pt>
File: overview.png Graphic file (type png)
 <use overview.png>
Package pdftex.def Info: overview.png used on input line 74.
(pdftex.def)             Requested size: 350.99762pt x 154.7343pt.


LaTeX Warning: `!h' float specifier changed to `!ht'.


Underfull \hbox (badness 10000) in paragraph at lines 85--86

 []

[30 <./login.png>]
Underfull \hbox (badness 10000) in paragraph at lines 87--88

 []


Underfull \hbox (badness 10000) in paragraph at lines 89--90

 []


Underfull \hbox (badness 10000) in paragraph at lines 91--92

 []

<branchlevel.png, id=617, 1272.755pt x 626.34pt>
File: branchlevel.png Graphic file (type png)
 <use branchlevel.png>
Package pdftex.def Info: branchlevel.png used on input line 99.
(pdftex.def)             Requested size: 350.99762pt x 172.72665pt.


LaTeX Warning: `!h' float specifier changed to `!ht'.


Underfull \hbox (badness 10000) in paragraph at lines 110--111

 []

[31 <./overview.png>]
Underfull \hbox (badness 10000) in paragraph at lines 112--113

 []


Underfull \hbox (badness 10000) in paragraph at lines 114--115

 []


Underfull \hbox (badness 10000) in paragraph at lines 116--117

 []

[32 <./branchlevel.png>] <filelevel.png, id=628, 1272.755pt x 667.49374pt>
File: filelevel.png Graphic file (type png)

<use filelevel.png>
Package pdftex.def Info: filelevel.png used on input line 124.
(pdftex.def)             Requested size: 350.99762pt x 184.0757pt.

Underfull \hbox (badness 10000) in paragraph at lines 133--134

 []

<contentlevel.png, id=629, 1272.755pt x 649.42625pt>
File: contentlevel.png Graphic file (type png)
 <use contentlevel.png>
Package pdftex.def Info: contentlevel.png used on input line 141.
(pdftex.def)             Requested size: 350.99762pt x 179.0932pt.


LaTeX Warning: `!h' float specifier changed to `!ht'.

<manageusers.png, id=630, 1272.755pt x 440.64626pt>
File: manageusers.png Graphic file (type png)
 <use manageusers.png>
Package pdftex.def Info: manageusers.png used on input line 161.
(pdftex.def)             Requested size: 350.99762pt x 121.51764pt.


LaTeX Warning: `!h' float specifier changed to `!ht'.

[33 <./filelevel.png>]) (./futurework.tex [34 <./contentlevel.png> <./manageuse
rs.png>]
Chapter 5.

Underfull \hbox (badness 10000) in paragraph at lines 12--13

 []


Underfull \hbox (badness 10000) in paragraph at lines 14--15

 []


Underfull \hbox (badness 10000) in paragraph at lines 16--17

 []


Underfull \hbox (badness 10000) in paragraph at lines 18--19

 []


Underfull \hbox (badness 10000) in paragraph at lines 20--21

 []

[35

]) (./conclusions.tex [36]
Chapter 6.

Underfull \hbox (badness 10000) in paragraph at lines 17--18

 []


Underfull \hbox (badness 10000) in paragraph at lines 19--20

 []


Underfull \hbox (badness 10000) in paragraph at lines 21--22

 []


Underfull \hbox (badness 10000) in paragraph at lines 23--24

 []

[37

]) [38] [39

] [40]

pdfTeX warning: /usr/texbin/pdflatex (file ./api.pdf): PDF inclusion: found PDF
 version <1.6>, but at most version <1.5> allowed
<api.pdf, id=674, 597.23125pt x 844.15375pt>
File: api.pdf Graphic file (type pdf)
 <use api.pdf>
Package pdftex.def Info: api.pdf used on input line 295.
(pdftex.def)             Requested size: 597.22978pt x 844.15169pt.


pdfTeX warning: /usr/texbin/pdflatex (file ./api.pdf): PDF inclusion: found PDF
 version <1.6>, but at most version <1.5> allowed
File: api.pdf Graphic file (type pdf)
<use api.pdf>
Package pdftex.def Info: api.pdf used on input line 295.
(pdftex.def)             Requested size: 597.22978pt x 844.15169pt.


pdfTeX warning: /usr/texbin/pdflatex (file ./api.pdf): PDF inclusion: found PDF
 version <1.6>, but at most version <1.5> allowed
[41]

pdfTeX warning: /usr/texbin/pdflatex (file ./api.pdf): PDF inclusion: found PDF
 version <1.6>, but at most version <1.5> allowed
<api.pdf, id=681, page=1, 597.23125pt x 844.15375pt>
File: api.pdf Graphic file (type pdf)
 <use api.pdf, page 1>
Package pdftex.def Info: api.pdf, page1 used on input line 295.
(pdftex.def)             Requested size: 597.22978pt x 844.15169pt.
File: api.pdf Graphic file (type pdf)

<use api.pdf, page 1>
Package pdftex.def Info: api.pdf, page1 used on input line 295.
(pdftex.def)             Requested size: 597.73099pt x 844.86012pt.
File: api.pdf Graphic file (type pdf)
 <use api.pdf, page 1>
Package pdftex.def Info: api.pdf, page1 used on input line 295.
(pdftex.def)             Requested size: 597.73099pt x 844.86012pt.
File: api.pdf Graphic file (type pdf)
 <use api.pdf, page 1>
Package pdftex.def Info: api.pdf, page1 used on input line 295.
(pdftex.def)             Requested size: 597.73099pt x 844.86012pt.
File: api.pdf Graphic file (type pdf)

<use api.pdf, page 1>
Package pdftex.def Info: api.pdf, page1 used on input line 295.
(pdftex.def)             Requested size: 597.73099pt x 844.86012pt.
 [42 <./api.pdf>]

pdfTeX warning: /usr/texbin/pdflatex (file ./api.pdf): PDF inclusion: found PDF
 version <1.6>, but at most version <1.5> allowed
<api.pdf, id=727, page=2, 597.23125pt x 844.15375pt>
File: api.pdf Graphic file (type pdf)
 <use api.pdf, page 2>
Package pdftex.def Info: api.pdf, page2 used on input line 295.
(pdftex.def)             Requested size: 597.73099pt x 844.86012pt.
File: api.pdf Graphic file (type pdf)

<use api.pdf, page 2>
Package pdftex.def Info: api.pdf, page2 used on input line 295.
(pdftex.def)             Requested size: 597.73099pt x 844.86012pt.
File: api.pdf Graphic file (type pdf)
 <use api.pdf, page 2>
Package pdftex.def Info: api.pdf, page2 used on input line 295.
(pdftex.def)             Requested size: 597.73099pt x 844.86012pt.
 [43 <./api.pdf>]

pdfTeX warning: /usr/texbin/pdflatex (file ./api.pdf): PDF inclusion: found PDF
 version <1.6>, but at most version <1.5> allowed
<api.pdf, id=736, page=3, 597.23125pt x 844.15375pt>
File: api.pdf Graphic file (type pdf)
 <use api.pdf, page 3>
Package pdftex.def Info: api.pdf, page3 used on input line 295.
(pdftex.def)             Requested size: 597.73099pt x 844.86012pt.
File: api.pdf Graphic file (type pdf)

<use api.pdf, page 3>
Package pdftex.def Info: api.pdf, page3 used on input line 295.
(pdftex.def)             Requested size: 597.73099pt x 844.86012pt.
File: api.pdf Graphic file (type pdf)
 <use api.pdf, page 3>
Package pdftex.def Info: api.pdf, page3 used on input line 295.
(pdftex.def)             Requested size: 597.73099pt x 844.86012pt.
 [44 <./api.pdf>]

pdfTeX warning: /usr/texbin/pdflatex (file ./api.pdf): PDF inclusion: found PDF
 version <1.6>, but at most version <1.5> allowed
<api.pdf, id=745, page=4, 597.23125pt x 844.15375pt>
File: api.pdf Graphic file (type pdf)
 <use api.pdf, page 4>
Package pdftex.def Info: api.pdf, page4 used on input line 295.
(pdftex.def)             Requested size: 597.73099pt x 844.86012pt.
File: api.pdf Graphic file (type pdf)

<use api.pdf, page 4>
Package pdftex.def Info: api.pdf, page4 used on input line 295.
(pdftex.def)             Requested size: 597.73099pt x 844.86012pt.
File: api.pdf Graphic file (type pdf)
 <use api.pdf, page 4>
Package pdftex.def Info: api.pdf, page4 used on input line 295.
(pdftex.def)             Requested size: 597.73099pt x 844.86012pt.
 [45 <./api.pdf>]

pdfTeX warning: /usr/texbin/pdflatex (file ./api.pdf): PDF inclusion: found PDF
 version <1.6>, but at most version <1.5> allowed
<api.pdf, id=755, page=5, 597.23125pt x 844.15375pt>
File: api.pdf Graphic file (type pdf)
 <use api.pdf, page 5>
Package pdftex.def Info: api.pdf, page5 used on input line 295.
(pdftex.def)             Requested size: 597.73099pt x 844.86012pt.
File: api.pdf Graphic file (type pdf)

<use api.pdf, page 5>
Package pdftex.def Info: api.pdf, page5 used on input line 295.
(pdftex.def)             Requested size: 597.73099pt x 844.86012pt.
File: api.pdf Graphic file (type pdf)
 <use api.pdf, page 5>
Package pdftex.def Info: api.pdf, page5 used on input line 295.
(pdftex.def)             Requested size: 597.73099pt x 844.86012pt.
 [46 <./api.pdf>]

pdfTeX warning: /usr/texbin/pdflatex (file ./api.pdf): PDF inclusion: found PDF
 version <1.6>, but at most version <1.5> allowed
<api.pdf, id=764, page=6, 597.23125pt x 844.15375pt>
File: api.pdf Graphic file (type pdf)
 <use api.pdf, page 6>
Package pdftex.def Info: api.pdf, page6 used on input line 295.
(pdftex.def)             Requested size: 597.73099pt x 844.86012pt.
File: api.pdf Graphic file (type pdf)

<use api.pdf, page 6>
Package pdftex.def Info: api.pdf, page6 used on input line 295.
(pdftex.def)             Requested size: 597.73099pt x 844.86012pt.
File: api.pdf Graphic file (type pdf)
 <use api.pdf, page 6>
Package pdftex.def Info: api.pdf, page6 used on input line 295.
(pdftex.def)             Requested size: 597.73099pt x 844.86012pt.
 [47 <./api.pdf>]

pdfTeX warning: /usr/texbin/pdflatex (file ./api.pdf): PDF inclusion: found PDF
 version <1.6>, but at most version <1.5> allowed
<api.pdf, id=773, page=7, 597.23125pt x 844.15375pt>
File: api.pdf Graphic file (type pdf)
 <use api.pdf, page 7>
Package pdftex.def Info: api.pdf, page7 used on input line 295.
(pdftex.def)             Requested size: 597.73099pt x 844.86012pt.
File: api.pdf Graphic file (type pdf)

<use api.pdf, page 7>
Package pdftex.def Info: api.pdf, page7 used on input line 295.
(pdftex.def)             Requested size: 597.73099pt x 844.86012pt.
File: api.pdf Graphic file (type pdf)
 <use api.pdf, page 7>
Package pdftex.def Info: api.pdf, page7 used on input line 295.
(pdftex.def)             Requested size: 597.73099pt x 844.86012pt.
 [48 <./api.pdf>]

pdfTeX warning: /usr/texbin/pdflatex (file ./api.pdf): PDF inclusion: found PDF
 version <1.6>, but at most version <1.5> allowed
<api.pdf, id=782, page=8, 597.23125pt x 844.15375pt>
File: api.pdf Graphic file (type pdf)
 <use api.pdf, page 8>
Package pdftex.def Info: api.pdf, page8 used on input line 295.
(pdftex.def)             Requested size: 597.73099pt x 844.86012pt.
File: api.pdf Graphic file (type pdf)

<use api.pdf, page 8>
Package pdftex.def Info: api.pdf, page8 used on input line 295.
(pdftex.def)             Requested size: 597.73099pt x 844.86012pt.
File: api.pdf Graphic file (type pdf)
 <use api.pdf, page 8>
Package pdftex.def Info: api.pdf, page8 used on input line 295.
(pdftex.def)             Requested size: 597.73099pt x 844.86012pt.
 [49 <./api.pdf>]

pdfTeX warning: /usr/texbin/pdflatex (file ./api.pdf): PDF inclusion: found PDF
 version <1.6>, but at most version <1.5> allowed
<api.pdf, id=791, page=9, 597.23125pt x 844.15375pt>
File: api.pdf Graphic file (type pdf)
 <use api.pdf, page 9>
Package pdftex.def Info: api.pdf, page9 used on input line 295.
(pdftex.def)             Requested size: 597.73099pt x 844.86012pt.
File: api.pdf Graphic file (type pdf)

<use api.pdf, page 9>
Package pdftex.def Info: api.pdf, page9 used on input line 295.
(pdftex.def)             Requested size: 597.73099pt x 844.86012pt.
File: api.pdf Graphic file (type pdf)
 <use api.pdf, page 9>
Package pdftex.def Info: api.pdf, page9 used on input line 295.
(pdftex.def)             Requested size: 597.73099pt x 844.86012pt.
 [50 <./api.pdf>]

pdfTeX warning: /usr/texbin/pdflatex (file ./api.pdf): PDF inclusion: found PDF
 version <1.6>, but at most version <1.5> allowed
<api.pdf, id=800, page=10, 597.23125pt x 844.15375pt>
File: api.pdf Graphic file (type pdf)
 <use api.pdf, page 10>
Package pdftex.def Info: api.pdf, page10 used on input line 295.
(pdftex.def)             Requested size: 597.73099pt x 844.86012pt.
File: api.pdf Graphic file (type pdf)

<use api.pdf, page 10>
Package pdftex.def Info: api.pdf, page10 used on input line 295.
(pdftex.def)             Requested size: 597.73099pt x 844.86012pt.
File: api.pdf Graphic file (type pdf)
 <use api.pdf, page 10>
Package pdftex.def Info: api.pdf, page10 used on input line 295.
(pdftex.def)             Requested size: 597.73099pt x 844.86012pt.
 [51 <./api.pdf>]

pdfTeX warning: /usr/texbin/pdflatex (file ./api.pdf): PDF inclusion: found PDF
 version <1.6>, but at most version <1.5> allowed
<api.pdf, id=810, page=11, 597.23125pt x 844.15375pt>
File: api.pdf Graphic file (type pdf)
 <use api.pdf, page 11>
Package pdftex.def Info: api.pdf, page11 used on input line 295.
(pdftex.def)             Requested size: 597.73099pt x 844.86012pt.
File: api.pdf Graphic file (type pdf)

<use api.pdf, page 11>
Package pdftex.def Info: api.pdf, page11 used on input line 295.
(pdftex.def)             Requested size: 597.73099pt x 844.86012pt.
File: api.pdf Graphic file (type pdf)
 <use api.pdf, page 11>
Package pdftex.def Info: api.pdf, page11 used on input line 295.
(pdftex.def)             Requested size: 597.73099pt x 844.86012pt.
 [52 <./api.pdf>]

pdfTeX warning: /usr/texbin/pdflatex (file ./api.pdf): PDF inclusion: found PDF
 version <1.6>, but at most version <1.5> allowed
<api.pdf, id=820, page=12, 597.23125pt x 844.15375pt>
File: api.pdf Graphic file (type pdf)
 <use api.pdf, page 12>
Package pdftex.def Info: api.pdf, page12 used on input line 295.
(pdftex.def)             Requested size: 597.73099pt x 844.86012pt.
File: api.pdf Graphic file (type pdf)

<use api.pdf, page 12>
Package pdftex.def Info: api.pdf, page12 used on input line 295.
(pdftex.def)             Requested size: 597.73099pt x 844.86012pt.
File: api.pdf Graphic file (type pdf)
 <use api.pdf, page 12>
Package pdftex.def Info: api.pdf, page12 used on input line 295.
(pdftex.def)             Requested size: 597.73099pt x 844.86012pt.
 [53 <./api.pdf>]

pdfTeX warning: /usr/texbin/pdflatex (file ./api.pdf): PDF inclusion: found PDF
 version <1.6>, but at most version <1.5> allowed
<api.pdf, id=829, page=13, 597.23125pt x 844.15375pt>
File: api.pdf Graphic file (type pdf)
 <use api.pdf, page 13>
Package pdftex.def Info: api.pdf, page13 used on input line 295.
(pdftex.def)             Requested size: 597.73099pt x 844.86012pt.
File: api.pdf Graphic file (type pdf)

<use api.pdf, page 13>
Package pdftex.def Info: api.pdf, page13 used on input line 295.
(pdftex.def)             Requested size: 597.73099pt x 844.86012pt.
File: api.pdf Graphic file (type pdf)
 <use api.pdf, page 13>
Package pdftex.def Info: api.pdf, page13 used on input line 295.
(pdftex.def)             Requested size: 597.73099pt x 844.86012pt.
 [54 <./api.pdf>]

pdfTeX warning: /usr/texbin/pdflatex (file ./api.pdf): PDF inclusion: found PDF
 version <1.6>, but at most version <1.5> allowed
<api.pdf, id=838, page=14, 597.23125pt x 844.15375pt>
File: api.pdf Graphic file (type pdf)
 <use api.pdf, page 14>
Package pdftex.def Info: api.pdf, page14 used on input line 295.
(pdftex.def)             Requested size: 597.73099pt x 844.86012pt.
File: api.pdf Graphic file (type pdf)

<use api.pdf, page 14>
Package pdftex.def Info: api.pdf, page14 used on input line 295.
(pdftex.def)             Requested size: 597.73099pt x 844.86012pt.
File: api.pdf Graphic file (type pdf)
 <use api.pdf, page 14>
Package pdftex.def Info: api.pdf, page14 used on input line 295.
(pdftex.def)             Requested size: 597.73099pt x 844.86012pt.
 [55 <./api.pdf>]

pdfTeX warning: /usr/texbin/pdflatex (file ./api.pdf): PDF inclusion: found PDF
 version <1.6>, but at most version <1.5> allowed
<api.pdf, id=847, page=15, 597.23125pt x 844.15375pt>
File: api.pdf Graphic file (type pdf)
 <use api.pdf, page 15>
Package pdftex.def Info: api.pdf, page15 used on input line 295.
(pdftex.def)             Requested size: 597.73099pt x 844.86012pt.
File: api.pdf Graphic file (type pdf)

<use api.pdf, page 15>
Package pdftex.def Info: api.pdf, page15 used on input line 295.
(pdftex.def)             Requested size: 597.73099pt x 844.86012pt.
File: api.pdf Graphic file (type pdf)
 <use api.pdf, page 15>
Package pdftex.def Info: api.pdf, page15 used on input line 295.
(pdftex.def)             Requested size: 597.73099pt x 844.86012pt.
 [56 <./api.pdf>]

pdfTeX warning: /usr/texbin/pdflatex (file ./api.pdf): PDF inclusion: found PDF
 version <1.6>, but at most version <1.5> allowed
<api.pdf, id=856, page=16, 597.23125pt x 844.15375pt>
File: api.pdf Graphic file (type pdf)
 <use api.pdf, page 16>
Package pdftex.def Info: api.pdf, page16 used on input line 295.
(pdftex.def)             Requested size: 597.73099pt x 844.86012pt.
File: api.pdf Graphic file (type pdf)

<use api.pdf, page 16>
Package pdftex.def Info: api.pdf, page16 used on input line 295.
(pdftex.def)             Requested size: 597.73099pt x 844.86012pt.
File: api.pdf Graphic file (type pdf)
 <use api.pdf, page 16>
Package pdftex.def Info: api.pdf, page16 used on input line 295.
(pdftex.def)             Requested size: 597.73099pt x 844.86012pt.
 [57 <./api.pdf>]

pdfTeX warning: /usr/texbin/pdflatex (file ./api.pdf): PDF inclusion: found PDF
 version <1.6>, but at most version <1.5> allowed
<api.pdf, id=866, page=17, 597.23125pt x 844.15375pt>
File: api.pdf Graphic file (type pdf)
 <use api.pdf, page 17>
Package pdftex.def Info: api.pdf, page17 used on input line 295.
(pdftex.def)             Requested size: 597.73099pt x 844.86012pt.
File: api.pdf Graphic file (type pdf)

<use api.pdf, page 17>
Package pdftex.def Info: api.pdf, page17 used on input line 295.
(pdftex.def)             Requested size: 597.73099pt x 844.86012pt.
File: api.pdf Graphic file (type pdf)
 <use api.pdf, page 17>
Package pdftex.def Info: api.pdf, page17 used on input line 295.
(pdftex.def)             Requested size: 597.73099pt x 844.86012pt.
 [58 <./api.pdf>]

pdfTeX warning: /usr/texbin/pdflatex (file ./api.pdf): PDF inclusion: found PDF
 version <1.6>, but at most version <1.5> allowed
<api.pdf, id=875, page=18, 597.23125pt x 844.15375pt>
File: api.pdf Graphic file (type pdf)
 <use api.pdf, page 18>
Package pdftex.def Info: api.pdf, page18 used on input line 295.
(pdftex.def)             Requested size: 597.73099pt x 844.86012pt.
File: api.pdf Graphic file (type pdf)

<use api.pdf, page 18>
Package pdftex.def Info: api.pdf, page18 used on input line 295.
(pdftex.def)             Requested size: 597.73099pt x 844.86012pt.
File: api.pdf Graphic file (type pdf)
 <use api.pdf, page 18>
Package pdftex.def Info: api.pdf, page18 used on input line 295.
(pdftex.def)             Requested size: 597.73099pt x 844.86012pt.
 [59 <./api.pdf>]

pdfTeX warning: /usr/texbin/pdflatex (file ./api.pdf): PDF inclusion: found PDF
 version <1.6>, but at most version <1.5> allowed
<api.pdf, id=884, page=19, 597.23125pt x 844.15375pt>
File: api.pdf Graphic file (type pdf)
 <use api.pdf, page 19>
Package pdftex.def Info: api.pdf, page19 used on input line 295.
(pdftex.def)             Requested size: 597.73099pt x 844.86012pt.
File: api.pdf Graphic file (type pdf)

<use api.pdf, page 19>
Package pdftex.def Info: api.pdf, page19 used on input line 295.
(pdftex.def)             Requested size: 597.73099pt x 844.86012pt.
File: api.pdf Graphic file (type pdf)
 <use api.pdf, page 19>
Package pdftex.def Info: api.pdf, page19 used on input line 295.
(pdftex.def)             Requested size: 597.73099pt x 844.86012pt.
 [60 <./api.pdf>]
Package atveryend Info: Empty hook `BeforeClearDocument' on input line 297.
Package atveryend Info: Empty hook `AfterLastShipout' on input line 297.

(./report_root.aux)
Package atveryend Info: Executing hook `AtVeryEndDocument' on input line 297.
Package atveryend Info: Executing hook `AtEndAfterFileList' on input line 297.
Package rerunfilecheck Info: File `report_root.out' has not changed.
(rerunfilecheck)             Checksum: E1753E0F6BE259311EBB2C176BD71068;3281.
Package atveryend Info: Empty hook `AtVeryVeryEnd' on input line 297.
 ) 
Here is how much of TeX's memory you used:
 10734 strings out of 493117
 155168 string characters out of 6135433
 361734 words of memory out of 5000000
 13723 multiletter control sequences out of 15000+600000
 17210 words of font info for 66 fonts, out of 8000000 for 9000
 1141 hyphenation exceptions out of 8191
 40i,18n,72p,809b,1126s stack positions out of 5000i,500n,10000p,200000b,80000s
</usr/local/texlive/2014/texmf-dist/fonts/type1/public/amsfonts/cm/cmbx12.pfb
></usr/local/texlive/2014/texmf-dist/fonts/type1/public/amsfonts/cm/cmbx8.pfb><
/usr/local/texlive/2014/texmf-dist/fonts/type1/public/amsfonts/cm/cmcsc10.pfb><
/usr/local/texlive/2014/texmf-dist/fonts/type1/public/amsfonts/cm/cmitt10.pfb><
/usr/local/texlive/2014/texmf-dist/fonts/type1/public/amsfonts/cm/cmr12.pfb></u
sr/local/texlive/2014/texmf-dist/fonts/type1/public/amsfonts/cm/cmr8.pfb></usr/
local/texlive/2014/texmf-dist/fonts/type1/public/amsfonts/cm/cmsl12.pfb></usr/l
ocal/texlive/2014/texmf-dist/fonts/type1/public/amsfonts/cm/cmsy10.pfb></usr/lo
cal/texlive/2014/texmf-dist/fonts/type1/public/amsfonts/cm/cmti12.pfb></usr/loc
al/texlive/2014/texmf-dist/fonts/type1/public/amsfonts/cm/cmti8.pfb></usr/local
/texlive/2014/texmf-dist/fonts/type1/public/amsfonts/cm/cmtt12.pfb></usr/local/
texlive/2014/texmf-dist/fonts/type1/public/amsfonts/cm/cmtt8.pfb>
Output written on report_root.pdf (64 pages, 3731313 bytes).
PDF statistics:
 979 PDF objects out of 1000 (max. 8388607)
 790 compressed objects within 8 object streams
 207 named destinations out of 1000 (max. 500000)
 612 words of extra memory for PDF output out of 10000 (max. 10000000)

