\BOOKMARK [0][-]{chapter.1}{Introduction}{}% 1
\BOOKMARK [1][-]{section.1.1}{Distributed Software Development}{chapter.1}% 2
\BOOKMARK [1][-]{section.1.2}{Version Control Systems}{chapter.1}% 3
\BOOKMARK [1][-]{section.1.3}{Awareness and Conflict Detection}{chapter.1}% 4
\BOOKMARK [1][-]{section.1.4}{Motivation}{chapter.1}% 5
\BOOKMARK [1][-]{section.1.5}{Goals}{chapter.1}% 6
\BOOKMARK [1][-]{section.1.6}{Related Work}{chapter.1}% 7
\BOOKMARK [0][-]{chapter.2}{Design}{}% 8
\BOOKMARK [1][-]{section.2.1}{Introduction}{chapter.2}% 9
\BOOKMARK [2][-]{subsection.2.1.1}{Features}{section.2.1}% 10
\BOOKMARK [2][-]{subsection.2.1.2}{Approach}{section.2.1}% 11
\BOOKMARK [1][-]{section.2.2}{Separation of Awareness Views}{chapter.2}% 12
\BOOKMARK [1][-]{section.2.3}{Branch Level Awareness}{chapter.2}% 13
\BOOKMARK [1][-]{section.2.4}{File Level Awareness}{chapter.2}% 14
\BOOKMARK [2][-]{subsection.2.4.1}{View as Origin}{section.2.4}% 15
\BOOKMARK [2][-]{subsection.2.4.2}{View as Yourself}{section.2.4}% 16
\BOOKMARK [2][-]{subsection.2.4.3}{Show Conflicts}{section.2.4}% 17
\BOOKMARK [2][-]{subsection.2.4.4}{Compare to Other Branches}{section.2.4}% 18
\BOOKMARK [2][-]{subsection.2.4.5}{Filters}{section.2.4}% 19
\BOOKMARK [2][-]{subsection.2.4.6}{Grouping}{section.2.4}% 20
\BOOKMARK [2][-]{subsection.2.4.7}{Uncommitted vs. Committed Files}{section.2.4}% 21
\BOOKMARK [1][-]{section.2.5}{Content Level Awareness}{chapter.2}% 22
\BOOKMARK [0][-]{chapter.3}{Implementation}{}% 23
\BOOKMARK [1][-]{section.3.1}{Introduction}{chapter.3}% 24
\BOOKMARK [1][-]{section.3.2}{Architecture}{chapter.3}% 25
\BOOKMARK [2][-]{subsection.3.2.1}{Architectural Overview}{section.3.2}% 26
\BOOKMARK [2][-]{subsection.3.2.2}{Logic}{section.3.2}% 27
\BOOKMARK [2][-]{subsection.3.2.3}{Access Control}{section.3.2}% 28
\BOOKMARK [2][-]{subsection.3.2.4}{Folder Structure}{section.3.2}% 29
\BOOKMARK [1][-]{section.3.3}{Client}{chapter.3}% 30
\BOOKMARK [1][-]{section.3.4}{Server}{chapter.3}% 31
\BOOKMARK [1][-]{section.3.5}{Web Interface}{chapter.3}% 32
\BOOKMARK [1][-]{section.3.6}{API}{chapter.3}% 33
\BOOKMARK [1][-]{section.3.7}{Database}{chapter.3}% 34
\BOOKMARK [1][-]{section.3.8}{Configuration Management}{chapter.3}% 35
\BOOKMARK [2][-]{subsection.3.8.1}{Client Configuration}{section.3.8}% 36
\BOOKMARK [2][-]{subsection.3.8.2}{Server Configuration}{section.3.8}% 37
\BOOKMARK [1][-]{section.3.9}{Testing and Correctness}{chapter.3}% 38
\BOOKMARK [1][-]{section.3.10}{Build and Run}{chapter.3}% 39
\BOOKMARK [0][-]{chapter.4}{User Guide}{}% 40
\BOOKMARK [1][-]{section.4.1}{Setup and Run Client}{chapter.4}% 41
\BOOKMARK [1][-]{section.4.2}{Using the Web Interface}{chapter.4}% 42
\BOOKMARK [0][-]{chapter.5}{Future Work}{}% 43
\BOOKMARK [0][-]{chapter.6}{Conclusions}{}% 44
